#
# A fatal error has been detected by the Java Runtime Environment:
#
#  Internal Error (t:/workspace/open/src/hotspot/share/oops/generateOopMap.cpp:2162), pid=12176, tid=12300
#  fatal error: Illegal class file encountered. Try running with -Xverify:all in method mirrorString
#
# JRE version: Java(TM) SE Runtime Environment (10.0.1+10) (build 10.0.1+10)
# Java VM: Java HotSpot(TM) 64-Bit Server VM (10.0.1+10, mixed mode, tiered, compressed oops, g1 gc, windows-amd64)
# No core dump will be written. Minidumps are not enabled by default on client versions of Windows
#
# If you would like to submit a bug report, please visit:
#   http://bugreport.java.com/bugreport/crash.jsp
#

---------------  S U M M A R Y ------------

Command Line: -agentlib:jdwp=transport=dt_socket,address=127.0.0.1:59507,suspend=y,server=n -javaagent:C:\Users\veide\.IdeaIC2018.2\system\captureAgent\debugger-agent.jar=file:/C:/Users/veide/AppData/Local/Temp/capture.props -Dfile.encoding=UTF-8 ru.geekbrains.catch_the_drop.Main

Host: AMD A8-7410 APU with AMD Radeon R5 Graphics    , 4 cores, 6G,  Windows 10 , 64 bit Build 17134 (10.0.17134.1)
Time: Wed Sep 19 13:00:22 2018 RTZ 4 (ceia) elapsed time: 1602 seconds (0d 0h 26m 42s)

---------------  T H R E A D  ---------------

Current thread (0x000001d8bdd3a800):  VMThread "VM Thread" [stack: 0x0000001fe9400000,0x0000001fe9500000] [id=12300]

Stack: [0x0000001fe9400000,0x0000001fe9500000]
[error occurred during error reporting (printing stack bounds), id 0xe0000000]

Native frames: (J=compiled Java code, j=interpreted, Vv=VM code, C=native code)
V  [jvm.dll+0x5a0369]
V  [jvm.dll+0x6bcf81]
V  [jvm.dll+0x6be176]
V  [jvm.dll+0x6be765]
V  [jvm.dll+0x6be71b]
V  [jvm.dll+0x59fb63]
V  [jvm.dll+0x59ff68]
C  [ntdll.dll+0x9ed2d]
C  [ntdll.dll+0x6c86]
C  [ntdll.dll+0x9dc5e]
C  0x000001d8a7e90ead

VM_Operation (0x0000001fe9dff740): GetOrSetLocal, mode: safepoint, requested by thread 0x000001d8bea14800


---------------  P R O C E S S  ---------------

Threads class SMR info:
_java_thread_list=0x000001d8be8f3c70, length=14, elements={
0x000001d89b302800, 0x000001d8bdd4f800, 0x000001d8bdd50800, 0x000001d8bdd54800,
0x000001d8be6e2800, 0x000001d8bdd69800, 0x000001d8bdd6c000, 0x000001d8be716000,
0x000001d8be71b000, 0x000001d8bea14800, 0x000001d8beab6800, 0x000001d8beab7800,
0x000001d8be9ba000, 0x000001d8be8f5800
}

Java Threads: ( => current thread )
  0x000001d89b302800 JavaThread "main" [_thread_blocked, id=12740, stack(0x0000001fe8800000,0x0000001fe8900000)]
  0x000001d8bdd4f800 JavaThread "Reference Handler" daemon [_thread_blocked, id=11876, stack(0x0000001fe9500000,0x0000001fe9600000)]
  0x000001d8bdd50800 JavaThread "Finalizer" daemon [_thread_blocked, id=13976, stack(0x0000001fe9600000,0x0000001fe9700000)]
  0x000001d8bdd54800 JavaThread "Signal Dispatcher" daemon [_thread_blocked, id=15732, stack(0x0000001fe9700000,0x0000001fe9800000)]
  0x000001d8be6e2800 JavaThread "Attach Listener" daemon [_thread_blocked, id=11060, stack(0x0000001fe9800000,0x0000001fe9900000)]
  0x000001d8bdd69800 JavaThread "C2 CompilerThread0" daemon [_thread_blocked, id=11976, stack(0x0000001fe9900000,0x0000001fe9a00000)]
  0x000001d8bdd6c000 JavaThread "C2 CompilerThread1" daemon [_thread_blocked, id=9436, stack(0x0000001fe9a00000,0x0000001fe9b00000)]
  0x000001d8be716000 JavaThread "C1 CompilerThread2" daemon [_thread_blocked, id=12156, stack(0x0000001fe9b00000,0x0000001fe9c00000)]
  0x000001d8be71b000 JavaThread "Sweeper thread" daemon [_thread_blocked, id=7576, stack(0x0000001fe9c00000,0x0000001fe9d00000)]
  0x000001d8bea14800 JavaThread "JDWP Transport Listener: dt_socket" daemon [_thread_blocked, id=13112, stack(0x0000001fe9d00000,0x0000001fe9e00000)] _threads_hazard_ptr=0x000001d8be8f3c70
  0x000001d8beab6800 JavaThread "JDWP Event Helper Thread" daemon [_thread_blocked, id=9576, stack(0x0000001fe9e00000,0x0000001fe9f00000)]
  0x000001d8beab7800 JavaThread "JDWP Command Reader" daemon [_thread_in_native, id=7260, stack(0x0000001fe9f00000,0x0000001fea000000)]
  0x000001d8be9ba000 JavaThread "Common-Cleaner" daemon [_thread_blocked, id=12496, stack(0x0000001fea000000,0x0000001fea100000)]
  0x000001d8be8f5800 JavaThread "Service Thread" daemon [_thread_blocked, id=7448, stack(0x0000001fea100000,0x0000001fea200000)]

Other Threads:
=>0x000001d8bdd3a800 VMThread "VM Thread" [stack: 0x0000001fe9400000,0x0000001fe9500000] [id=12300]
  0x000001d8bea78800 WatcherThread [stack: 0x0000001fea200000,0x0000001fea300000] [id=4904]
  0x000001d89b31a800 GCTaskThread "GC Thread#0" [stack: 0x0000001fe8900000,0x0000001fe8a00000] [id=14480]
  0x000001d89b31c000 GCTaskThread "GC Thread#1" [stack: 0x0000001fe8a00000,0x0000001fe8b00000] [id=15744]
  0x000001d89b31d800 GCTaskThread "GC Thread#2" [stack: 0x0000001fe8b00000,0x0000001fe8c00000] [id=14924]
  0x000001d89b320000 GCTaskThread "GC Thread#3" [stack: 0x0000001fe8c00000,0x0000001fe8d00000] [id=12072]
  0x000001d89b37e800 ConcurrentGCThread "G1 Main Marker" [stack: 0x0000001fe8d00000,0x0000001fe8e00000] [id=9984]
  0x000001d89b382000 ConcurrentGCThread "G1 Conc#0" [stack: 0x0000001fe8e00000,0x0000001fe8f00000] [id=14852]
  0x000001d8bdbb5800 ConcurrentGCThread "G1 Refine#0" [stack: 0x0000001fe8f00000,0x0000001fe9000000] [id=580]
  0x000001d8bdbba000 ConcurrentGCThread "G1 Refine#1" [stack: 0x0000001fe9000000,0x0000001fe9100000] [id=3968]
  0x000001d8bdbbb000 ConcurrentGCThread "G1 Refine#2" [stack: 0x0000001fe9100000,0x0000001fe9200000] [id=11676]
  0x000001d8bdbbc000 ConcurrentGCThread "G1 Refine#3" [stack: 0x0000001fe9200000,0x0000001fe9300000] [id=16152]
  0x000001d8bdbc0000 ConcurrentGCThread "G1 Young RemSet Sampling" [stack: 0x0000001fe9300000,0x0000001fe9400000] [id=372]

Threads with active compile tasks:

VM state:at safepoint (normal execution)

VM Mutex/Monitor currently owned by a thread:  ([mutex/lock_event])
[0x000001d89b300d00] Threads_lock - owner thread: 0x000001d8bdd3a800

Heap address: 0x0000000090800000, size: 1784 MB, Compressed Oops mode: 32-bit
Narrow klass base: 0x0000000000000000, Narrow klass shift: 3
Compressed class space size: 1073741824 Address: 0x0000000100000000

Heap:
 garbage-first heap   total 114688K, used 2048K [0x0000000090800000, 0x0000000100000000)
  region size 1024K, 3 young (3072K), 0 survivors (0K)
 Metaspace       used 5181K, capacity 5264K, committed 5376K, reserved 1056768K
  class space    used 436K, capacity 496K, committed 512K, reserved 1048576K
Heap Regions: E=young(eden), S=young(survivor), O=old, HS=humongous(starts), HC=humongous(continues), CS=collection set, F=free, A=archive, TS=gc time stamp, AC=allocation context, TAMS=top-at-mark-start (previous, next)
|   0|0x0000000090800000, 0x0000000090800000, 0x0000000090900000|  0%| F|  |TS  0|AC  0|TAMS 0x0000000090800000, 0x0000000090800000|
|   1|0x0000000090900000, 0x0000000090900000, 0x0000000090a00000|  0%| F|  |TS  0|AC  0|TAMS 0x0000000090900000, 0x0000000090900000|
|   2|0x0000000090a00000, 0x0000000090a00000, 0x0000000090b00000|  0%| F|  |TS  0|AC  0|TAMS 0x0000000090a00000, 0x0000000090a00000|
|   3|0x0000000090b00000, 0x0000000090b00000, 0x0000000090c00000|  0%| F|  |TS  0|AC  0|TAMS 0x0000000090b00000, 0x0000000090b00000|
|   4|0x0000000090c00000, 0x0000000090c00000, 0x0000000090d00000|  0%| F|  |TS  0|AC  0|TAMS 0x0000000090c00000, 0x0000000090c00000|
|   5|0x0000000090d00000, 0x0000000090d00000, 0x0000000090e00000|  0%| F|  |TS  0|AC  0|TAMS 0x0000000090d00000, 0x0000000090d00000|
|   6|0x0000000090e00000, 0x0000000090e00000, 0x0000000090f00000|  0%| F|  |TS  0|AC  0|TAMS 0x0000000090e00000, 0x0000000090e00000|
|   7|0x0000000090f00000, 0x0000000090f00000, 0x0000000091000000|  0%| F|  |TS  0|AC  0|TAMS 0x0000000090f00000, 0x0000000090f00000|
|   8|0x0000000091000000, 0x0000000091000000, 0x0000000091100000|  0%| F|  |TS  0|AC  0|TAMS 0x0000000091000000, 0x0000000091000000|
|   9|0x0000000091100000, 0x0000000091100000, 0x0000000091200000|  0%| F|  |TS  0|AC  0|TAMS 0x0000000091100000, 0x0000000091100000|
|  10|0x0000000091200000, 0x0000000091200000, 0x0000000091300000|  0%| F|  |TS  0|AC  0|TAMS 0x0000000091200000, 0x0000000091200000|
|  11|0x0000000091300000, 0x0000000091300000, 0x0000000091400000|  0%| F|  |TS  0|AC  0|TAMS 0x0000000091300000, 0x0000000091300000|
|  12|0x0000000091400000, 0x0000000091400000, 0x0000000091500000|  0%| F|  |TS  0|AC  0|TAMS 0x0000000091400000, 0x0000000091400000|
|  13|0x0000000091500000, 0x0000000091500000, 0x0000000091600000|  0%| F|  |TS  0|AC  0|TAMS 0x0000000091500000, 0x0000000091500000|
|  14|0x0000000091600000, 0x0000000091600000, 0x0000000091700000|  0%| F|  |TS  0|AC  0|TAMS 0x0000000091600000, 0x0000000091600000|
|  15|0x0000000091700000, 0x0000000091700000, 0x0000000091800000|  0%| F|  |TS  0|AC  0|TAMS 0x0000000091700000, 0x0000000091700000|
|  16|0x0000000091800000, 0x0000000091800000, 0x0000000091900000|  0%| F|  |TS  0|AC  0|TAMS 0x0000000091800000, 0x0000000091800000|
|  17|0x0000000091900000, 0x0000000091900000, 0x0000000091a00000|  0%| F|  |TS  0|AC  0|TAMS 0x0000000091900000, 0x0000000091900000|
|  18|0x0000000091a00000, 0x0000000091a00000, 0x0000000091b00000|  0%| F|  |TS  0|AC  0|TAMS 0x0000000091a00000, 0x0000000091a00000|
|  19|0x0000000091b00000, 0x0000000091b00000, 0x0000000091c00000|  0%| F|  |TS  0|AC  0|TAMS 0x0000000091b00000, 0x0000000091b00000|
|  20|0x0000000091c00000, 0x0000000091c00000, 0x0000000091d00000|  0%| F|  |TS  0|AC  0|TAMS 0x0000000091c00000, 0x0000000091c00000|
|  21|0x0000000091d00000, 0x0000000091d00000, 0x0000000091e00000|  0%| F|  |TS  0|AC  0|TAMS 0x0000000091d00000, 0x0000000091d00000|
|  22|0x0000000091e00000, 0x0000000091e00000, 0x0000000091f00000|  0%| F|  |TS  0|AC  0|TAMS 0x0000000091e00000, 0x0000000091e00000|
|  23|0x0000000091f00000, 0x0000000091f00000, 0x0000000092000000|  0%| F|  |TS  0|AC  0|TAMS 0x0000000091f00000, 0x0000000091f00000|
|  24|0x0000000092000000, 0x0000000092000000, 0x0000000092100000|  0%| F|  |TS  0|AC  0|TAMS 0x0000000092000000, 0x0000000092000000|
|  25|0x0000000092100000, 0x0000000092100000, 0x0000000092200000|  0%| F|  |TS  0|AC  0|TAMS 0x0000000092100000, 0x0000000092100000|
|  26|0x0000000092200000, 0x0000000092200000, 0x0000000092300000|  0%| F|  |TS  0|AC  0|TAMS 0x0000000092200000, 0x0000000092200000|
|  27|0x0000000092300000, 0x0000000092300000, 0x0000000092400000|  0%| F|  |TS  0|AC  0|TAMS 0x0000000092300000, 0x0000000092300000|
|  28|0x0000000092400000, 0x0000000092400000, 0x0000000092500000|  0%| F|  |TS  0|AC  0|TAMS 0x0000000092400000, 0x0000000092400000|
|  29|0x0000000092500000, 0x0000000092500000, 0x0000000092600000|  0%| F|  |TS  0|AC  0|TAMS 0x0000000092500000, 0x0000000092500000|
|  30|0x0000000092600000, 0x0000000092600000, 0x0000000092700000|  0%| F|  |TS  0|AC  0|TAMS 0x0000000092600000, 0x0000000092600000|
|  31|0x0000000092700000, 0x0000000092700000, 0x0000000092800000|  0%| F|  |TS  0|AC  0|TAMS 0x0000000092700000, 0x0000000092700000|
|  32|0x0000000092800000, 0x0000000092800000, 0x0000000092900000|  0%| F|  |TS  0|AC  0|TAMS 0x0000000092800000, 0x0000000092800000|
|  33|0x0000000092900000, 0x0000000092900000, 0x0000000092a00000|  0%| F|  |TS  0|AC  0|TAMS 0x0000000092900000, 0x0000000092900000|
|  34|0x0000000092a00000, 0x0000000092a00000, 0x0000000092b00000|  0%| F|  |TS  0|AC  0|TAMS 0x0000000092a00000, 0x0000000092a00000|
|  35|0x0000000092b00000, 0x0000000092b00000, 0x0000000092c00000|  0%| F|  |TS  0|AC  0|TAMS 0x0000000092b00000, 0x0000000092b00000|
|  36|0x0000000092c00000, 0x0000000092c00000, 0x0000000092d00000|  0%| F|  |TS  0|AC  0|TAMS 0x0000000092c00000, 0x0000000092c00000|
|  37|0x0000000092d00000, 0x0000000092d00000, 0x0000000092e00000|  0%| F|  |TS  0|AC  0|TAMS 0x0000000092d00000, 0x0000000092d00000|
|  38|0x0000000092e00000, 0x0000000092e00000, 0x0000000092f00000|  0%| F|  |TS  0|AC  0|TAMS 0x0000000092e00000, 0x0000000092e00000|
|  39|0x0000000092f00000, 0x0000000092f00000, 0x0000000093000000|  0%| F|  |TS  0|AC  0|TAMS 0x0000000092f00000, 0x0000000092f00000|
|  40|0x0000000093000000, 0x0000000093000000, 0x0000000093100000|  0%| F|  |TS  0|AC  0|TAMS 0x0000000093000000, 0x0000000093000000|
|  41|0x0000000093100000, 0x0000000093100000, 0x0000000093200000|  0%| F|  |TS  0|AC  0|TAMS 0x0000000093100000, 0x0000000093100000|
|  42|0x0000000093200000, 0x0000000093200000, 0x0000000093300000|  0%| F|  |TS  0|AC  0|TAMS 0x0000000093200000, 0x0000000093200000|
|  43|0x0000000093300000, 0x0000000093300000, 0x0000000093400000|  0%| F|  |TS  0|AC  0|TAMS 0x0000000093300000, 0x0000000093300000|
|  44|0x0000000093400000, 0x0000000093400000, 0x0000000093500000|  0%| F|  |TS  0|AC  0|TAMS 0x0000000093400000, 0x0000000093400000|
|  45|0x0000000093500000, 0x0000000093500000, 0x0000000093600000|  0%| F|  |TS  0|AC  0|TAMS 0x0000000093500000, 0x0000000093500000|
|  46|0x0000000093600000, 0x0000000093600000, 0x0000000093700000|  0%| F|  |TS  0|AC  0|TAMS 0x0000000093600000, 0x0000000093600000|
|  47|0x0000000093700000, 0x0000000093700000, 0x0000000093800000|  0%| F|  |TS  0|AC  0|TAMS 0x0000000093700000, 0x0000000093700000|
|  48|0x0000000093800000, 0x0000000093800000, 0x0000000093900000|  0%| F|  |TS  0|AC  0|TAMS 0x0000000093800000, 0x0000000093800000|
|  49|0x0000000093900000, 0x0000000093900000, 0x0000000093a00000|  0%| F|  |TS  0|AC  0|TAMS 0x0000000093900000, 0x0000000093900000|
|  50|0x0000000093a00000, 0x0000000093a00000, 0x0000000093b00000|  0%| F|  |TS  0|AC  0|TAMS 0x0000000093a00000, 0x0000000093a00000|
|  51|0x0000000093b00000, 0x0000000093b00000, 0x0000000093c00000|  0%| F|  |TS  0|AC  0|TAMS 0x0000000093b00000, 0x0000000093b00000|
|  52|0x0000000093c00000, 0x0000000093c00000, 0x0000000093d00000|  0%| F|  |TS  0|AC  0|TAMS 0x0000000093c00000, 0x0000000093c00000|
|  53|0x0000000093d00000, 0x0000000093d00000, 0x0000000093e00000|  0%| F|  |TS  0|AC  0|TAMS 0x0000000093d00000, 0x0000000093d00000|
|  54|0x0000000093e00000, 0x0000000093e00000, 0x0000000093f00000|  0%| F|  |TS  0|AC  0|TAMS 0x0000000093e00000, 0x0000000093e00000|
|  55|0x0000000093f00000, 0x0000000093f00000, 0x0000000094000000|  0%| F|  |TS  0|AC  0|TAMS 0x0000000093f00000, 0x0000000093f00000|
|  56|0x0000000094000000, 0x0000000094000000, 0x0000000094100000|  0%| F|  |TS  0|AC  0|TAMS 0x0000000094000000, 0x0000000094000000|
|  57|0x0000000094100000, 0x0000000094100000, 0x0000000094200000|  0%| F|  |TS  0|AC  0|TAMS 0x0000000094100000, 0x0000000094100000|
|  58|0x0000000094200000, 0x0000000094200000, 0x0000000094300000|  0%| F|  |TS  0|AC  0|TAMS 0x0000000094200000, 0x0000000094200000|
|  59|0x0000000094300000, 0x0000000094300000, 0x0000000094400000|  0%| F|  |TS  0|AC  0|TAMS 0x0000000094300000, 0x0000000094300000|
|  60|0x0000000094400000, 0x0000000094400000, 0x0000000094500000|  0%| F|  |TS  0|AC  0|TAMS 0x0000000094400000, 0x0000000094400000|
|  61|0x0000000094500000, 0x0000000094500000, 0x0000000094600000|  0%| F|  |TS  0|AC  0|TAMS 0x0000000094500000, 0x0000000094500000|
|  62|0x0000000094600000, 0x0000000094600000, 0x0000000094700000|  0%| F|  |TS  0|AC  0|TAMS 0x0000000094600000, 0x0000000094600000|
|  63|0x0000000094700000, 0x0000000094700000, 0x0000000094800000|  0%| F|  |TS  0|AC  0|TAMS 0x0000000094700000, 0x0000000094700000|
|  64|0x0000000094800000, 0x0000000094800000, 0x0000000094900000|  0%| F|  |TS  0|AC  0|TAMS 0x0000000094800000, 0x0000000094800000|
|  65|0x0000000094900000, 0x0000000094900000, 0x0000000094a00000|  0%| F|  |TS  0|AC  0|TAMS 0x0000000094900000, 0x0000000094900000|
|  66|0x0000000094a00000, 0x0000000094a00000, 0x0000000094b00000|  0%| F|  |TS  0|AC  0|TAMS 0x0000000094a00000, 0x0000000094a00000|
|  67|0x0000000094b00000, 0x0000000094b00000, 0x0000000094c00000|  0%| F|  |TS  0|AC  0|TAMS 0x0000000094b00000, 0x0000000094b00000|
|  68|0x0000000094c00000, 0x0000000094c00000, 0x0000000094d00000|  0%| F|  |TS  0|AC  0|TAMS 0x0000000094c00000, 0x0000000094c00000|
|  69|0x0000000094d00000, 0x0000000094d00000, 0x0000000094e00000|  0%| F|  |TS  0|AC  0|TAMS 0x0000000094d00000, 0x0000000094d00000|
|  70|0x0000000094e00000, 0x0000000094e00000, 0x0000000094f00000|  0%| F|  |TS  0|AC  0|TAMS 0x0000000094e00000, 0x0000000094e00000|
|  71|0x0000000094f00000, 0x0000000094f00000, 0x0000000095000000|  0%| F|  |TS  0|AC  0|TAMS 0x0000000094f00000, 0x0000000094f00000|
|  72|0x0000000095000000, 0x0000000095000000, 0x0000000095100000|  0%| F|  |TS  0|AC  0|TAMS 0x0000000095000000, 0x0000000095000000|
|  73|0x0000000095100000, 0x0000000095100000, 0x0000000095200000|  0%| F|  |TS  0|AC  0|TAMS 0x0000000095100000, 0x0000000095100000|
|  74|0x0000000095200000, 0x0000000095200000, 0x0000000095300000|  0%| F|  |TS  0|AC  0|TAMS 0x0000000095200000, 0x0000000095200000|
|  75|0x0000000095300000, 0x0000000095300000, 0x0000000095400000|  0%| F|  |TS  0|AC  0|TAMS 0x0000000095300000, 0x0000000095300000|
|  76|0x0000000095400000, 0x0000000095400000, 0x0000000095500000|  0%| F|  |TS  0|AC  0|TAMS 0x0000000095400000, 0x0000000095400000|
|  77|0x0000000095500000, 0x0000000095500000, 0x0000000095600000|  0%| F|  |TS  0|AC  0|TAMS 0x0000000095500000, 0x0000000095500000|
|  78|0x0000000095600000, 0x0000000095600000, 0x0000000095700000|  0%| F|  |TS  0|AC  0|TAMS 0x0000000095600000, 0x0000000095600000|
|  79|0x0000000095700000, 0x0000000095700000, 0x0000000095800000|  0%| F|  |TS  0|AC  0|TAMS 0x0000000095700000, 0x0000000095700000|
|  80|0x0000000095800000, 0x0000000095800000, 0x0000000095900000|  0%| F|  |TS  0|AC  0|TAMS 0x0000000095800000, 0x0000000095800000|
|  81|0x0000000095900000, 0x0000000095900000, 0x0000000095a00000|  0%| F|  |TS  0|AC  0|TAMS 0x0000000095900000, 0x0000000095900000|
|  82|0x0000000095a00000, 0x0000000095a00000, 0x0000000095b00000|  0%| F|  |TS  0|AC  0|TAMS 0x0000000095a00000, 0x0000000095a00000|
|  83|0x0000000095b00000, 0x0000000095b00000, 0x0000000095c00000|  0%| F|  |TS  0|AC  0|TAMS 0x0000000095b00000, 0x0000000095b00000|
|  84|0x0000000095c00000, 0x0000000095c00000, 0x0000000095d00000|  0%| F|  |TS  0|AC  0|TAMS 0x0000000095c00000, 0x0000000095c00000|
|  85|0x0000000095d00000, 0x0000000095d00000, 0x0000000095e00000|  0%| F|  |TS  0|AC  0|TAMS 0x0000000095d00000, 0x0000000095d00000|
|  86|0x0000000095e00000, 0x0000000095e00000, 0x0000000095f00000|  0%| F|  |TS  0|AC  0|TAMS 0x0000000095e00000, 0x0000000095e00000|
|  87|0x0000000095f00000, 0x0000000095f00000, 0x0000000096000000|  0%| F|  |TS  0|AC  0|TAMS 0x0000000095f00000, 0x0000000095f00000|
|  88|0x0000000096000000, 0x0000000096000000, 0x0000000096100000|  0%| F|  |TS  0|AC  0|TAMS 0x0000000096000000, 0x0000000096000000|
|  89|0x0000000096100000, 0x0000000096100000, 0x0000000096200000|  0%| F|  |TS  0|AC  0|TAMS 0x0000000096100000, 0x0000000096100000|
|  90|0x0000000096200000, 0x0000000096200000, 0x0000000096300000|  0%| F|  |TS  0|AC  0|TAMS 0x0000000096200000, 0x0000000096200000|
|  91|0x0000000096300000, 0x0000000096300000, 0x0000000096400000|  0%| F|  |TS  0|AC  0|TAMS 0x0000000096300000, 0x0000000096300000|
|  92|0x0000000096400000, 0x0000000096400000, 0x0000000096500000|  0%| F|  |TS  0|AC  0|TAMS 0x0000000096400000, 0x0000000096400000|
|  93|0x0000000096500000, 0x0000000096500000, 0x0000000096600000|  0%| F|  |TS  0|AC  0|TAMS 0x0000000096500000, 0x0000000096500000|
|  94|0x0000000096600000, 0x0000000096600000, 0x0000000096700000|  0%| F|  |TS  0|AC  0|TAMS 0x0000000096600000, 0x0000000096600000|
|  95|0x0000000096700000, 0x0000000096700000, 0x0000000096800000|  0%| F|  |TS  0|AC  0|TAMS 0x0000000096700000, 0x0000000096700000|
|  96|0x0000000096800000, 0x0000000096800000, 0x0000000096900000|  0%| F|  |TS  0|AC  0|TAMS 0x0000000096800000, 0x0000000096800000|
|  97|0x0000000096900000, 0x0000000096900000, 0x0000000096a00000|  0%| F|  |TS  0|AC  0|TAMS 0x0000000096900000, 0x0000000096900000|
|  98|0x0000000096a00000, 0x0000000096a00000, 0x0000000096b00000|  0%| F|  |TS  0|AC  0|TAMS 0x0000000096a00000, 0x0000000096a00000|
|  99|0x0000000096b00000, 0x0000000096b00000, 0x0000000096c00000|  0%| F|  |TS  0|AC  0|TAMS 0x0000000096b00000, 0x0000000096b00000|
| 100|0x0000000096c00000, 0x0000000096c00000, 0x0000000096d00000|  0%| F|  |TS  0|AC  0|TAMS 0x0000000096c00000, 0x0000000096c00000|
| 101|0x0000000096d00000, 0x0000000096d00000, 0x0000000096e00000|  0%| F|  |TS  0|AC  0|TAMS 0x0000000096d00000, 0x0000000096d00000|
| 102|0x0000000096e00000, 0x0000000096e00000, 0x0000000096f00000|  0%| F|  |TS  0|AC  0|TAMS 0x0000000096e00000, 0x0000000096e00000|
| 103|0x0000000096f00000, 0x0000000096f00000, 0x0000000097000000|  0%| F|  |TS  0|AC  0|TAMS 0x0000000096f00000, 0x0000000096f00000|
| 104|0x0000000097000000, 0x0000000097000000, 0x0000000097100000|  0%| F|  |TS  0|AC  0|TAMS 0x0000000097000000, 0x0000000097000000|
| 105|0x0000000097100000, 0x0000000097100000, 0x0000000097200000|  0%| F|  |TS  0|AC  0|TAMS 0x0000000097100000, 0x0000000097100000|
| 106|0x0000000097200000, 0x0000000097200000, 0x0000000097300000|  0%| F|  |TS  0|AC  0|TAMS 0x0000000097200000, 0x0000000097200000|
| 107|0x0000000097300000, 0x0000000097300000, 0x0000000097400000|  0%| F|  |TS  0|AC  0|TAMS 0x0000000097300000, 0x0000000097300000|
| 108|0x0000000097400000, 0x0000000097400000, 0x0000000097500000|  0%| F|  |TS  0|AC  0|TAMS 0x0000000097400000, 0x0000000097400000|
| 109|0x0000000097500000, 0x00000000975906d8, 0x0000000097600000| 56%| E|  |TS  0|AC  0|TAMS 0x0000000097500000, 0x0000000097500000|
| 110|0x0000000097600000, 0x0000000097700000, 0x0000000097700000|100%| E|CS|TS  0|AC  0|TAMS 0x0000000097600000, 0x0000000097600000|
| 111|0x0000000097700000, 0x0000000097800000, 0x0000000097800000|100%| E|CS|TS  0|AC  0|TAMS 0x0000000097700000, 0x0000000097700000|

Card table byte_map: [0x000001d8b7830000,0x000001d8b7bb0000] byte_map_base: 0x000001d8b73ac000

Marking Bits (Prev, Next): (CMBitMap*) 0x000001d89b37dd50, (CMBitMap*) 0x000001d89b37dd88
 Prev Bits: [0x000001d8b7f30000, 0x000001d8b9b10000)
 Next Bits: [0x000001d8b9b10000, 0x000001d8bb6f0000)

Polling page: 0x000001d89b2c0000

CodeHeap 'non-profiled nmethods': size=120064Kb used=75Kb max_used=75Kb free=119989Kb
 bounds [0x000001d8af950000, 0x000001d8afbc0000, 0x000001d8b6e90000]
CodeHeap 'profiled nmethods': size=120000Kb used=299Kb max_used=299Kb free=119701Kb
 bounds [0x000001d8a8420000, 0x000001d8a8690000, 0x000001d8af950000]
CodeHeap 'non-nmethods': size=5696Kb used=1099Kb max_used=1110Kb free=4596Kb
 bounds [0x000001d8a7e90000, 0x000001d8a8100000, 0x000001d8a8420000]
 total_blobs=582 nmethods=214 adapters=207
 compilation: enabled

Compilation events (10 events):
Event: 2.807 Thread 0x000001d8be716000  210       3       java.lang.String::startsWith (138 bytes)
Event: 2.809 Thread 0x000001d8be716000 nmethod 210 0x000001d8a8469010 code [0x000001d8a8469260, 0x000001d8a8469c38]
Event: 2.811 Thread 0x000001d8be716000  211       3       java.lang.String::getBytes (44 bytes)
Event: 2.812 Thread 0x000001d8be716000 nmethod 211 0x000001d8a8469f10 code [0x000001d8a846a100, 0x000001d8a846a4c0]
Event: 2.819 Thread 0x000001d8bdd6c000  212       4       java.lang.String::charAt (25 bytes)
Event: 2.823 Thread 0x000001d8bdd6c000 nmethod 212 0x000001d8af962310 code [0x000001d8af9624a0, 0x000001d8af9625f8]
Event: 2.826 Thread 0x000001d8be716000  213       3       java.lang.StringCoding::hasNegatives (25 bytes)
Event: 2.827 Thread 0x000001d8be716000 nmethod 213 0x000001d8a846a690 code [0x000001d8a846a860, 0x000001d8a846aab8]
Event: 2.840 Thread 0x000001d8bdd69800  214       4       java.lang.StringLatin1::indexOf (61 bytes)
Event: 2.847 Thread 0x000001d8bdd69800 nmethod 214 0x000001d8af962790 code [0x000001d8af962920, 0x000001d8af962ab8]

GC Heap History (0 events):
No events

Deoptimization events (3 events):
Event: 2.021 Thread 0x000001d89b302800 Uncommon trap: reason=unstable_if action=reinterpret pc=0x000001d8af95d318 method=java.util.HashMap.putVal(ILjava/lang/Object;Ljava/lang/Object;ZZ)Ljava/lang/Object; @ 69 c2
Event: 2.021 Thread 0x000001d89b302800 Uncommon trap: reason=unstable_if action=reinterpret pc=0x000001d8af95a428 method=java.util.HashMap.putVal(ILjava/lang/Object;Ljava/lang/Object;ZZ)Ljava/lang/Object; @ 69 c2
Event: 2.433 Thread 0x000001d89b302800 Uncommon trap: reason=unstable_if action=reinterpret pc=0x000001d8af953724 method=java.lang.String.hashCode()I @ 14 c2

Classes redefined (3 events):
Event: 52.801 Thread 0x000001d8bdd3a800 redefined class name=ru.geekbrains.catch_the_drop.Main, count=1
Event: 198.110 Thread 0x000001d8bdd3a800 redefined class name=ru.geekbrains.catch_the_drop.Main, count=2
Event: 286.786 Thread 0x000001d8bdd3a800 redefined class name=ru.geekbrains.catch_the_drop.Main, count=3

Internal exceptions (0 events):
No events

Events (10 events):
Event: 1602.559 Executing VM operation: GetFrameCount done
Event: 1602.559 Executing VM operation: GetFrameCount
Event: 1602.559 Executing VM operation: GetFrameCount done
Event: 1602.559 Executing VM operation: GetFrameLocation
Event: 1602.559 Executing VM operation: GetFrameLocation done
Event: 1602.665 Executing VM operation: GetFrameCount
Event: 1602.665 Executing VM operation: GetFrameCount done
Event: 1602.665 Executing VM operation: GetFrameLocation
Event: 1602.665 Executing VM operation: GetFrameLocation done
Event: 1602.707 Executing VM operation: GetOrSetLocal


Dynamic libraries:
0x00007ff7eeb60000 - 0x00007ff7eeb9e000 	C:\Program Files\Java\jdk-10.0.1\bin\java.exe
0x00007ffdf1fb0000 - 0x00007ffdf2191000 	C:\WINDOWS\SYSTEM32\ntdll.dll
0x00007ffdf1010000 - 0x00007ffdf10c2000 	C:\WINDOWS\System32\KERNEL32.DLL
0x00007ffdeed50000 - 0x00007ffdeefc3000 	C:\WINDOWS\System32\KERNELBASE.dll
0x00007ffdf1ed0000 - 0x00007ffdf1f71000 	C:\WINDOWS\System32\ADVAPI32.dll
0x00007ffdf1980000 - 0x00007ffdf1a1e000 	C:\WINDOWS\System32\msvcrt.dll
0x00007ffdf1400000 - 0x00007ffdf145b000 	C:\WINDOWS\System32\sechost.dll
0x00007ffdf0bf0000 - 0x00007ffdf0d14000 	C:\WINDOWS\System32\RPCRT4.dll
0x00007ffdef470000 - 0x00007ffdef600000 	C:\WINDOWS\System32\USER32.dll
0x00007ffdeefd0000 - 0x00007ffdeeff0000 	C:\WINDOWS\System32\win32u.dll
0x00007ffdef440000 - 0x00007ffdef468000 	C:\WINDOWS\System32\GDI32.dll
0x00007ffdeebb0000 - 0x00007ffdeed42000 	C:\WINDOWS\System32\gdi32full.dll
0x00007ffdee380000 - 0x00007ffdee41f000 	C:\WINDOWS\System32\msvcp_win.dll
0x00007ffdeeff0000 - 0x00007ffdef0ea000 	C:\WINDOWS\System32\ucrtbase.dll
0x00007ffddf930000 - 0x00007ffddfb99000 	C:\WINDOWS\WinSxS\amd64_microsoft.windows.common-controls_6595b64144ccf1df_6.0.17134.285_none_fb4297e330656775\COMCTL32.dll
0x00007ffde43e0000 - 0x00007ffde43ea000 	C:\WINDOWS\SYSTEM32\VERSION.dll
0x00007ffdf10d0000 - 0x00007ffdf13f3000 	C:\WINDOWS\System32\combase.dll
0x00007ffdee420000 - 0x00007ffdee49a000 	C:\WINDOWS\System32\bcryptPrimitives.dll
0x00007ffdef600000 - 0x00007ffdef62d000 	C:\WINDOWS\System32\IMM32.DLL
0x00007ffdd26b0000 - 0x00007ffdd279f000 	C:\Program Files\Java\jdk-10.0.1\bin\msvcr120.dll
0x00007ffdd47c0000 - 0x00007ffdd4866000 	C:\Program Files\Java\jdk-10.0.1\bin\msvcp120.dll
0x0000000075190000 - 0x0000000075c00000 	C:\Program Files\Java\jdk-10.0.1\bin\server\jvm.dll
0x00007ffdf0be0000 - 0x00007ffdf0be8000 	C:\WINDOWS\System32\PSAPI.DLL
0x00007ffdeb210000 - 0x00007ffdeb219000 	C:\WINDOWS\SYSTEM32\WSOCK32.dll
0x00007ffde5620000 - 0x00007ffde5643000 	C:\WINDOWS\SYSTEM32\WINMM.dll
0x00007ffdf0d80000 - 0x00007ffdf0dec000 	C:\WINDOWS\System32\WS2_32.dll
0x00007ffde55f0000 - 0x00007ffde561a000 	C:\WINDOWS\SYSTEM32\WINMMBASE.dll
0x00007ffdef0f0000 - 0x00007ffdef139000 	C:\WINDOWS\System32\cfgmgr32.dll
0x00007ffdeafc0000 - 0x00007ffdeafcf000 	C:\Program Files\Java\jdk-10.0.1\bin\verify.dll
0x00007ffde6720000 - 0x00007ffde68e9000 	C:\WINDOWS\SYSTEM32\DBGHELP.DLL
0x00007ffde66f0000 - 0x00007ffde6719000 	C:\WINDOWS\SYSTEM32\dbgcore.DLL
0x00007ffdd5350000 - 0x00007ffdd5377000 	C:\Program Files\Java\jdk-10.0.1\bin\java.dll
0x00007ffdd3c40000 - 0x00007ffdd3c76000 	C:\Program Files\Java\jdk-10.0.1\bin\jdwp.dll
0x00007ffdd4b40000 - 0x00007ffdd4b6a000 	C:\Program Files\Java\jdk-10.0.1\bin\instrument.dll
0x00007ffde16e0000 - 0x00007ffde16f6000 	C:\Program Files\Java\jdk-10.0.1\bin\zip.dll
0x00007ffdea200000 - 0x00007ffdea20a000 	C:\Program Files\Java\jdk-10.0.1\bin\jimage.dll
0x00007ffdef630000 - 0x00007ffdf0a70000 	C:\WINDOWS\System32\SHELL32.dll
0x00007ffdf1540000 - 0x00007ffdf15e9000 	C:\WINDOWS\System32\shcore.dll
0x00007ffdee4a0000 - 0x00007ffdeebad000 	C:\WINDOWS\System32\windows.storage.dll
0x00007ffdf0d20000 - 0x00007ffdf0d71000 	C:\WINDOWS\System32\shlwapi.dll
0x00007ffdee360000 - 0x00007ffdee371000 	C:\WINDOWS\System32\kernel.appcore.dll
0x00007ffdee340000 - 0x00007ffdee35f000 	C:\WINDOWS\System32\profapi.dll
0x00007ffdee2d0000 - 0x00007ffdee31c000 	C:\WINDOWS\System32\powrprof.dll
0x00007ffdee2c0000 - 0x00007ffdee2ca000 	C:\WINDOWS\System32\FLTLIB.DLL
0x00007ffde97a0000 - 0x00007ffde97aa000 	C:\Program Files\Java\jdk-10.0.1\bin\dt_socket.dll
0x00007ffdedae0000 - 0x00007ffdedb46000 	C:\WINDOWS\system32\mswsock.dll
0x00007ffde0c00000 - 0x00007ffde0c1a000 	C:\Program Files\Java\jdk-10.0.1\bin\net.dll
0x00007ffdebce0000 - 0x00007ffdebdbc000 	C:\WINDOWS\SYSTEM32\WINHTTP.dll
0x00007ffddc900000 - 0x00007ffddc911000 	C:\Program Files\Java\jdk-10.0.1\bin\nio.dll

dbghelp: loaded successfully - version: 4.0.5 - missing functions: none
symbol engine: initialized successfully - sym options: 0x614 - pdb path: .;C:\Program Files\Java\jdk-10.0.1\bin;C:\WINDOWS\SYSTEM32;C:\WINDOWS\WinSxS\amd64_microsoft.windows.common-controls_6595b64144ccf1df_6.0.17134.285_none_fb4297e330656775;C:\Program Files\Java\jdk-10.0.1\bin\server

VM Arguments:
jvm_args: -agentlib:jdwp=transport=dt_socket,address=127.0.0.1:59507,suspend=y,server=n -javaagent:C:\Users\veide\.IdeaIC2018.2\system\captureAgent\debugger-agent.jar=file:/C:/Users/veide/AppData/Local/Temp/capture.props -Dfile.encoding=UTF-8 
java_command: ru.geekbrains.catch_the_drop.Main
java_class_path (initial): C:\java\lesson_2\JAVA.VVA\out\production\JAVA.VVA;C:\Program Files\JetBrains\IntelliJ IDEA Community Edition 2018.2.3\lib\idea_rt.jar
Launcher Type: SUN_STANDARD

Logging:
Log output configuration:
#0: stdout all=warning uptime,level,tags
#1: stderr all=off uptime,level,tags

Environment Variables:
JAVA_HOME=C:\Program Files\Java\jdk-10.0.1
PATH=C:\Program Files (x86)\Common Files\Oracle\Java\javapath;C:\ProgramData\Oracle\Java\javapath;C:\WINDOWS\system32;C:\WINDOWS;C:\WINDOWS\System32\Wbem;C:\WINDOWS\System32\WindowsPowerShell\v1.0\;C:\WINDOWS\System32\OpenSSH\;C:\Program Files\Git\cmd;D:\Microsoft VS Code\bin;C:\Program Files\dotnet\;C:\Program Files\Microsoft SQL Server\130\Tools\Binn\;C:\Program Files (x86)\Brackets\command;J:\eclipse\java-photon\apache-maven-3.5.4\bin;C:\Program Files\Java\jdk-10.0.1\bin;C:\Progrzm Files (x86)\Common Files\Oracle\Java\javapath;C:\ProgrammData\Oracle\Java\javapatch;C:\WINDOWS\system32;C:\WINDOWS;C:\WINDOWS\system32\Wbem;C:\WINDOWS\System32\WindowsPowerShell\v1.0\;C:\WINDOWS\System32\OpenSSH\;C:\Programm Files (x86)\Brackets\comand;C:\Users\veide\AppData\Local\Microsoft\WindowsApps;
USERNAME=veide
OS=Windows_NT
PROCESSOR_IDENTIFIER=AMD64 Family 22 Model 48 Stepping 1, AuthenticAMD



---------------  S Y S T E M  ---------------

OS: Windows 10 , 64 bit Build 17134 (10.0.17134.1)

CPU:total 4 (initial active 4) (4 cores per cpu, 1 threads per core) family 22 model 48 stepping 1, cmov, cx8, fxsr, mmx, sse, sse2, sse3, ssse3, sse4.1, sse4.2, popcnt, avx, aes, clmul, mmxext, 3dnowpref, lzcnt, sse4a, tsc, tscinvbit, tscinv, bmi1

Memory: 4k page, physical 7306344k(2525524k free), swap 15323036k(7051796k free)

vm_info: Java HotSpot(TM) 64-Bit Server VM (10.0.1+10) for windows-amd64 JRE (10.0.1+10), built on Mar 27 2018 02:27:48 by "mach5one" with MS VC++ 12.0 (VS2013)

END.
